<?xml version="1.0" encoding="UTF-8"?>
<coverage generated="1530797157820" clover="3.2.0">
  <project timestamp="1530797157820" name="All files">
    <metrics statements="8" coveredstatements="8" conditionals="8" coveredconditionals="8" methods="3" coveredmethods="3" elements="19" coveredelements="19" complexity="0" loc="8" ncloc="8" packages="1" files="1" classes="1">
      <file name="calculator.js" path="/Users/alexsaunders/projects/vue_experiment/vue-symfony/calculator.js">
        <metrics statements="8" coveredstatements="8" conditionals="8" coveredconditionals="8" methods="3" coveredmethods="3"/>
        <line num="3" count="4" type="cond" truecount="4" falsecount="0"/>
        <line num="4" count="1" type="stmt"/>
        <line num="6" count="3" type="cond" truecount="4" falsecount="0"/>
        <line num="7" count="1" type="stmt"/>
        <line num="12" count="3" type="stmt"/>
        <line num="13" count="1" type="stmt"/>
        <line num="16" count="1" type="stmt"/>
        <line num="17" count="1" type="stmt"/>
      </file>
    </metrics>
  </project>
</coverage>
